<?xml version="1.0" encoding="UTF-8"?>
<!-- Generated by org.testng.reporters.JUnitXMLReporter -->
<testsuite ignored="0" hostname="DESKTOP-HG6IJS9" failures="0" tests="5" name="Default test" time="4.564" errors="0" timestamp="2024-07-06T07:45:54 PST">
  <testcase classname="test.testCartPage" name="navigateToShop" time="0.068"/>
  <testcase classname="test.testCartPage" name="addProductsToCart" time="0.61"/>
  <testcase classname="test.testCartPage" name="checkActualPrices" time="0.269"/>
  <testcase classname="test.testCartPage" name="checkActualSubTotals" time="0.181"/>
  <testcase classname="test.testCartPage" name="computeTotalPrice" time="0.087"/>
</testsuite> <!-- Default test -->
