<?xml version="1.0" encoding="UTF-8"?>
<!-- Generated by org.testng.reporters.JUnitXMLReporter -->
<testsuite ignored="0" hostname="DESKTOP-HG6IJS9" failures="0" tests="5" name="Default test" time="4.316" errors="0" timestamp="2024-07-04T14:45:52 PST">
  <testcase classname="test.testCartPage" name="navigateToShop" time="0.074"/>
  <testcase classname="test.testCartPage" name="addProductsToCart" time="0.609"/>
  <testcase classname="test.testCartPage" name="checkActualPrices" time="0.262"/>
  <testcase classname="test.testCartPage" name="checkActualSubTotals" time="0.15"/>
  <testcase classname="test.testCartPage" name="computeTotalPrice" time="0.088"/>
</testsuite> <!-- Default test -->
