<?xml version="1.0" encoding="UTF-8"?>
<!-- Generated by org.testng.reporters.JUnitXMLReporter -->
<testsuite ignored="4" hostname="DESKTOP-HG6IJS9" failures="0" tests="10" name="Test" time="105.68" errors="0" timestamp="2024-07-04T17:04:53 PST">
  <testcase classname="test.testContactUs" name="navigateToContactUs" time="0.071"/>
  <testcase classname="test.testContactUs" name="verifyErrorMessages" time="0.296"/>
  <testcase classname="test.testContactUs" name="fillUpRequiredFields" time="90.269"/>
  <testcase classname="test.testContactUsSubmission" name="navigateToContactUs" time="0.055"/>
  <testcase classname="test.testContactUsSubmission" name="fillUpRequiredFields" time="10.508"/>
  <testcase classname="test.testCartPage" name="navigateToShop" time="0.303"/>
  <testcase classname="test.testCartPage" name="addProductsToCart" time="0.596"/>
  <testcase classname="test.testCartPage" name="checkActualPrices" time="0.264"/>
  <testcase classname="test.testCartPage" name="checkActualSubTotals" time="0.132"/>
  <testcase classname="test.testCartPage" name="computeTotalPrice" time="0.077"/>
  <testcase classname="test.BaseTest" name="@AfterTest afterTesT" time="0.0">
    <ignored/>
  </testcase> <!-- @AfterTest afterTesT -->
  <testcase classname="test.BaseTest" name="@AfterTest afterTesT" time="0.0">
    <ignored/>
  </testcase> <!-- @AfterTest afterTesT -->
  <testcase classname="test.BaseTest" name="@BeforeTest beforeTest" time="0.0">
    <ignored/>
  </testcase> <!-- @BeforeTest beforeTest -->
  <testcase classname="test.BaseTest" name="@BeforeTest beforeTest" time="0.0">
    <ignored/>
  </testcase> <!-- @BeforeTest beforeTest -->
</testsuite> <!-- Test -->
