<?xml version="1.0" encoding="UTF-8"?>
<!-- Generated by org.testng.reporters.JUnitXMLReporter -->
<testsuite ignored="4" hostname="DESKTOP-HG6IJS9" failures="0" tests="10" name="Test" time="100.038" errors="0" timestamp="2024-07-04T19:40:15 PST">
  <testcase classname="test.testContactUs" name="navigateToContactUs" time="0.072"/>
  <testcase classname="test.testContactUs" name="verifyErrorMessages" time="0.285"/>
  <testcase classname="test.testContactUs" name="fillUpRequiredFields" time="90.335"/>
  <testcase classname="test.testContactUsSubmission" name="navigateToContactUs" time="0.058"/>
  <testcase classname="test.testContactUsSubmission" name="fillUpRequiredFields" time="4.759"/>
  <testcase classname="test.testCartPage" name="navigateToShop" time="0.486"/>
  <testcase classname="test.testCartPage" name="addProductsToCart" time="0.612"/>
  <testcase classname="test.testCartPage" name="checkActualPrices" time="0.29"/>
  <testcase classname="test.testCartPage" name="checkActualSubTotals" time="0.164"/>
  <testcase classname="test.testCartPage" name="computeTotalPrice" time="0.095"/>
  <testcase classname="test.BaseTest" name="@AfterTest afterTesT" time="0.0">
    <ignored/>
  </testcase> <!-- @AfterTest afterTesT -->
  <testcase classname="test.BaseTest" name="@AfterTest afterTesT" time="0.0">
    <ignored/>
  </testcase> <!-- @AfterTest afterTesT -->
  <testcase classname="test.BaseTest" name="@BeforeTest beforeTest" time="0.0">
    <ignored/>
  </testcase> <!-- @BeforeTest beforeTest -->
  <testcase classname="test.BaseTest" name="@BeforeTest beforeTest" time="0.0">
    <ignored/>
  </testcase> <!-- @BeforeTest beforeTest -->
</testsuite> <!-- Test -->
