<?xml version="1.0" encoding="UTF-8"?>
<!-- Generated by org.testng.reporters.JUnitXMLReporter -->
<testsuite ignored="0" hostname="DESKTOP-HG6IJS9" failures="0" tests="3" name="TestContactUs" time="94.809" errors="0" timestamp="2024-07-04T16:25:44 PST">
  <testcase classname="test.testContactUs" name="navigateToContactUs" time="0.076"/>
  <testcase classname="test.testContactUs" name="verifyErrorMessages" time="0.299"/>
  <testcase classname="test.testContactUs" name="fillUpRequiredFields" time="90.321"/>
</testsuite> <!-- TestContactUs -->
