<?xml version="1.0" encoding="UTF-8"?>
<!-- Generated by org.testng.reporters.JUnitXMLReporter -->
<testsuite ignored="0" hostname="DESKTOP-HG6IJS9" failures="0" tests="5" name="TestCartPage" time="4.593" errors="0" timestamp="2024-07-04T16:25:58 PST">
  <testcase classname="test.testCartPage" name="navigateToShop" time="0.055"/>
  <testcase classname="test.testCartPage" name="addProductsToCart" time="0.608"/>
  <testcase classname="test.testCartPage" name="checkActualPrices" time="0.261"/>
  <testcase classname="test.testCartPage" name="checkActualSubTotals" time="0.135"/>
  <testcase classname="test.testCartPage" name="computeTotalPrice" time="0.08"/>
</testsuite> <!-- TestCartPage -->
