<?xml version="1.0" encoding="UTF-8"?>
<testsuite xmlns:xsi="http://www.w3.org/2001/XMLSchema-instance" xsi:noNamespaceSchemaLocation="https://maven.apache.org/surefire/maven-surefire-plugin/xsd/surefire-test-report.xsd" name="TestSuite" time="1.801" tests="15" errors="0" skipped="14" failures="1">
  <properties>
[...]
</properties>
  <testcase name="beforeTest" classname="test.testCartPage" time="1.448">
    <failure message="Unable to establish websocket connection to http://localhost:63033/devtools/browser/82871f29-6831-46ca-9abb-09cd3e515b74&#10;Build info: version: &apos;4.1.2&apos;, revision: &apos;9a5a329c5a&apos;&#10;System info: host: &apos;DESKTOP-HG6IJS9&apos;, ip: &apos;192.168.1.9&apos;, os.name: &apos;Windows 11&apos;, os.arch: &apos;amd64&apos;, os.version: &apos;10.0&apos;, java.version: &apos;17.0.10&apos;&#10;Driver info: driver.version: ChromeDriver" type="org.openqa.selenium.remote.http.ConnectionFailedException">org.openqa.selenium.remote.http.ConnectionFailedException: 
Unable to establish websocket connection to http://localhost:63033/devtools/browser/82871f29-6831-46ca-9abb-09cd3e515b74
Build info: version: '4.1.2', revision: '9a5a329c5a'
System info: host: 'DESKTOP-HG6IJS9', ip: '192.168.1.9', os.name: 'Windows 11', os.arch: 'amd64', os.version: '10.0', java.version: '17.0.10'
Driver info: driver.version: ChromeDriver
</failure>
    <system-out><![CDATA[Configuring TestNG with: TestNG60Configurator
]]></system-out>
    <system-err><![CDATA[SLF4J: Failed to load class "org.slf4j.impl.StaticLoggerBinder".
SLF4J: Defaulting to no-operation (NOP) logger implementation
SLF4J: See http://www.slf4j.org/codes.html#StaticLoggerBinder for further details.
Starting ChromeDriver 126.0.6478.126 (d36ace6122e0a59570e258d82441395206d60e1c-refs/branch-heads/6478@{#1591}) on port 55254
Only local connections are allowed.
Please see https://chromedriver.chromium.org/security-considerations for suggestions on keeping ChromeDriver safe.
ChromeDriver was started successfully.
Jul 06, 2024 8:00:32 AM org.openqa.selenium.remote.ProtocolHandshake createSession
INFO: Detected dialect: W3C
Jul 06, 2024 8:00:32 AM org.openqa.selenium.remote.http.WebSocket$Listener onError
WARNING: Invalid Status code=403 text=Forbidden
java.io.IOException: Invalid Status code=403 text=Forbidden
	at org.asynchttpclient.netty.handler.WebSocketHandler.abort(WebSocketHandler.java:92)
	at org.asynchttpclient.netty.handler.WebSocketHandler.handleRead(WebSocketHandler.java:118)
	at org.asynchttpclient.netty.handler.AsyncHttpClientHandler.channelRead(AsyncHttpClientHandler.java:78)
	at io.netty.channel.AbstractChannelHandlerContext.invokeChannelRead(AbstractChannelHandlerContext.java:379)
	at io.netty.channel.AbstractChannelHandlerContext.invokeChannelRead(AbstractChannelHandlerContext.java:365)
	at io.netty.channel.AbstractChannelHandlerContext.fireChannelRead(AbstractChannelHandlerContext.java:357)
	at io.netty.channel.CombinedChannelDuplexHandler$DelegatingChannelHandlerContext.fireChannelRead(CombinedChannelDuplexHandler.java:436)
	at io.netty.handler.codec.ByteToMessageDecoder.fireChannelRead(ByteToMessageDecoder.java:327)
	at io.netty.handler.codec.ByteToMessageDecoder.fireChannelRead(ByteToMessageDecoder.java:314)
	at io.netty.handler.codec.ByteToMessageDecoder.callDecode(ByteToMessageDecoder.java:435)
	at io.netty.handler.codec.ByteToMessageDecoder.channelRead(ByteToMessageDecoder.java:279)
	at io.netty.channel.CombinedChannelDuplexHandler.channelRead(CombinedChannelDuplexHandler.java:251)
	at io.netty.channel.AbstractChannelHandlerContext.invokeChannelRead(AbstractChannelHandlerContext.java:379)
	at io.netty.channel.AbstractChannelHandlerContext.invokeChannelRead(AbstractChannelHandlerContext.java:365)
	at io.netty.channel.AbstractChannelHandlerContext.fireChannelRead(AbstractChannelHandlerContext.java:357)
	at io.netty.channel.DefaultChannelPipeline$HeadContext.channelRead(DefaultChannelPipeline.java:1410)
	at io.netty.channel.AbstractChannelHandlerContext.invokeChannelRead(AbstractChannelHandlerContext.java:379)
	at io.netty.channel.AbstractChannelHandlerContext.invokeChannelRead(AbstractChannelHandlerContext.java:365)
	at io.netty.channel.DefaultChannelPipeline.fireChannelRead(DefaultChannelPipeline.java:919)
	at io.netty.channel.nio.AbstractNioByteChannel$NioByteUnsafe.read(AbstractNioByteChannel.java:166)
	at io.netty.channel.nio.NioEventLoop.processSelectedKey(NioEventLoop.java:722)
	at io.netty.channel.nio.NioEventLoop.processSelectedKeysOptimized(NioEventLoop.java:658)
	at io.netty.channel.nio.NioEventLoop.processSelectedKeys(NioEventLoop.java:584)
	at io.netty.channel.nio.NioEventLoop.run(NioEventLoop.java:496)
	at io.netty.util.concurrent.SingleThreadEventExecutor$4.run(SingleThreadEventExecutor.java:986)
	at io.netty.util.internal.ThreadExecutorMap$2.run(ThreadExecutorMap.java:74)
	at io.netty.util.concurrent.FastThreadLocalRunnable.run(FastThreadLocalRunnable.java:30)
	at java.base/java.lang.Thread.run(Thread.java:842)

]]></system-err>
  </testcase>
  <testcase name="BeforeClass" classname="test.testCartPage" time="0">
    <skipped/>
  </testcase>
  <testcase name="navigateToShop" classname="test.testCartPage" time="0">
    <skipped message="Unable to establish websocket connection to http://localhost:63033/devtools/browser/82871f29-6831-46ca-9abb-09cd3e515b74&#10;Build info: version: &apos;4.1.2&apos;, revision: &apos;9a5a329c5a&apos;&#10;System info: host: &apos;DESKTOP-HG6IJS9&apos;, ip: &apos;192.168.1.9&apos;, os.name: &apos;Windows 11&apos;, os.arch: &apos;amd64&apos;, os.version: &apos;10.0&apos;, java.version: &apos;17.0.10&apos;&#10;Driver info: driver.version: ChromeDriver"/>
  </testcase>
  <testcase name="addProductsToCart" classname="test.testCartPage" time="0">
    <skipped message="Method test.testCartPage.addProductsToCart() on instance test.testCartPage@47d90b9e depends on not successfully finished methods &#10;[test.testCartPage.navigateToShop() on instance test.testCartPage@47d90b9e]"/>
  </testcase>
  <testcase name="checkActualPrices" classname="test.testCartPage" time="0">
    <skipped message="Method test.testCartPage.checkActualPrices() on instance test.testCartPage@47d90b9e depends on not successfully finished methods &#10;[test.testCartPage.addProductsToCart() on instance test.testCartPage@47d90b9e]"/>
  </testcase>
  <testcase name="checkActualSubTotals" classname="test.testCartPage" time="0">
    <skipped message="Method test.testCartPage.checkActualSubTotals() on instance test.testCartPage@47d90b9e depends on not successfully finished methods &#10;[test.testCartPage.addProductsToCart() on instance test.testCartPage@47d90b9e]"/>
  </testcase>
  <testcase name="computeTotalPrice" classname="test.testCartPage" time="0">
    <skipped message="Method test.testCartPage.computeTotalPrice() on instance test.testCartPage@47d90b9e depends on not successfully finished methods &#10;[test.testCartPage.checkActualSubTotals() on instance test.testCartPage@47d90b9e]"/>
  </testcase>
  <testcase name="BeforeClass" classname="test.testContactUs" time="0">
    <skipped/>
  </testcase>
  <testcase name="navigateToContactUs" classname="test.testContactUs" time="0">
    <skipped message="Unable to establish websocket connection to http://localhost:63033/devtools/browser/82871f29-6831-46ca-9abb-09cd3e515b74&#10;Build info: version: &apos;4.1.2&apos;, revision: &apos;9a5a329c5a&apos;&#10;System info: host: &apos;DESKTOP-HG6IJS9&apos;, ip: &apos;192.168.1.9&apos;, os.name: &apos;Windows 11&apos;, os.arch: &apos;amd64&apos;, os.version: &apos;10.0&apos;, java.version: &apos;17.0.10&apos;&#10;Driver info: driver.version: ChromeDriver"/>
  </testcase>
  <testcase name="verifyErrorMessages" classname="test.testContactUs" time="0">
    <skipped message="Method test.testContactUs.verifyErrorMessages() on instance test.testContactUs@6af93788 depends on not successfully finished methods &#10;[test.testContactUs.navigateToContactUs() on instance test.testContactUs@6af93788]"/>
  </testcase>
  <testcase name="fillUpRequiredFields" classname="test.testContactUs" time="0">
    <skipped message="Method test.testContactUs.fillUpRequiredFields() on instance test.testContactUs@6af93788 depends on not successfully finished methods &#10;[test.testContactUs.verifyErrorMessages() on instance test.testContactUs@6af93788]"/>
  </testcase>
  <testcase name="BeforeClass" classname="test.testContactUsSubmission" time="0">
    <skipped/>
  </testcase>
  <testcase name="navigateToContactUs" classname="test.testContactUsSubmission" time="0">
    <skipped message="Unable to establish websocket connection to http://localhost:63033/devtools/browser/82871f29-6831-46ca-9abb-09cd3e515b74&#10;Build info: version: &apos;4.1.2&apos;, revision: &apos;9a5a329c5a&apos;&#10;System info: host: &apos;DESKTOP-HG6IJS9&apos;, ip: &apos;192.168.1.9&apos;, os.name: &apos;Windows 11&apos;, os.arch: &apos;amd64&apos;, os.version: &apos;10.0&apos;, java.version: &apos;17.0.10&apos;&#10;Driver info: driver.version: ChromeDriver"/>
  </testcase>
  <testcase name="fillUpRequiredFields" classname="test.testContactUsSubmission" time="0">
    <skipped message="Method test.testContactUsSubmission.fillUpRequiredFields() on instance test.testContactUsSubmission@ef9296d depends on not successfully finished methods &#10;[test.testContactUsSubmission.navigateToContactUs() on instance test.testContactUsSubmission@ef9296d]"/>
  </testcase>
  <testcase name="afterTesT" classname="test.testCartPage" time="0">
    <skipped/>
  </testcase>
</testsuite>