<?xml version="1.0" encoding="UTF-8"?>
<testsuite name="Test"
           tests="3"
           failures="0"
           errors="0"
           skipped="0"
           time="90.692">
    <properties></properties>



            <testcase
                name="verifyErrorMessages"
                time="0.285"
                classname="test.testContactUs">
            </testcase>
            <testcase
                name="fillUpRequiredFields"
                time="90.335"
                classname="test.testContactUs">
            </testcase>
            <testcase
                name="navigateToContactUs"
                time="0.072"
                classname="test.testContactUs">
            </testcase>
</testsuite>
