<?xml version="1.0" encoding="UTF-8"?>
<testsuite name="Test"
           tests="2"
           failures="0"
           errors="0"
           skipped="0"
           time="4.817">
    <properties></properties>



            <testcase
                name="fillUpRequiredFields"
                time="4.759"
                classname="test.testContactUsSubmission">
            </testcase>
            <testcase
                name="navigateToContactUs"
                time="0.058"
                classname="test.testContactUsSubmission">
            </testcase>
</testsuite>
