<?xml version="1.0" encoding="UTF-8"?>
<testng-results ignored="0" total="5" passed="5" failed="0" skipped="0">
  <reporter-output>
    <line>
      <![CDATA[navigate to contact us]]>
    </line>
    <line>
      <![CDATA[navigated to shop page]]>
    </line>
    <line>
      <![CDATA[multiple products added to cart]]>
    </line>
    <line>
      <![CDATA[Actual stuffed frog price is correct 10.99]]>
    </line>
    <line>
      <![CDATA[Actual fluffy bunny price is correct 9.99]]>
    </line>
    <line>
      <![CDATA[Actual valentine bear price is correct 14.99]]>
    </line>
    <line>
      <![CDATA[Actual stuffed frog subtotal is correct 21.98]]>
    </line>
    <line>
      <![CDATA[Actual fluffy bunny subtotal is correct 49.95]]>
    </line>
    <line>
      <![CDATA[Actual valentine bear subtotal is correct 44.97]]>
    </line>
    <line>
      <![CDATA[correct total amount 116.9]]>
    </line>
  </reporter-output>
  <suite started-at="2024-07-06T07:45:50 PST" name="Default suite" finished-at="2024-07-06T07:45:54 PST" duration-ms="4564">
    <groups>
    </groups>
    <test started-at="2024-07-06T07:45:50 PST" name="Default test" finished-at="2024-07-06T07:45:54 PST" duration-ms="4564">
      <class name="test.testCartPage">
        <test-method is-config="true" signature="beforeTest()[pri:0, instance:test.testCartPage@279fedbd]" started-at="2024-07-06T07:45:50 PST" name="beforeTest" finished-at="2024-07-06T07:45:53 PST" duration-ms="3190" status="PASS">
          <reporter-output>
          </reporter-output>
        </test-method> <!-- beforeTest -->
        <test-method is-config="true" signature="BeforeClass()[pri:0, instance:test.testCartPage@279fedbd]" started-at="2024-07-06T07:45:53 PST" name="BeforeClass" finished-at="2024-07-06T07:45:53 PST" duration-ms="17" status="PASS">
          <reporter-output>
          </reporter-output>
        </test-method> <!-- BeforeClass -->
        <test-method signature="navigateToShop()[pri:1, instance:test.testCartPage@279fedbd]" started-at="2024-07-06T07:45:53 PST" name="navigateToShop" finished-at="2024-07-06T07:45:53 PST" duration-ms="68" status="PASS">
          <reporter-output>
            <line>
              <![CDATA[navigate to contact us]]>
            </line>
            <line>
              <![CDATA[navigated to shop page]]>
            </line>
          </reporter-output>
        </test-method> <!-- navigateToShop -->
        <test-method signature="addProductsToCart()[pri:2, instance:test.testCartPage@279fedbd]" started-at="2024-07-06T07:45:53 PST" name="addProductsToCart" finished-at="2024-07-06T07:45:54 PST" depends-on-methods="test.testCartPage.navigateToShop" duration-ms="610" status="PASS">
          <reporter-output>
            <line>
              <![CDATA[multiple products added to cart]]>
            </line>
          </reporter-output>
        </test-method> <!-- addProductsToCart -->
        <test-method signature="checkActualPrices()[pri:3, instance:test.testCartPage@279fedbd]" started-at="2024-07-06T07:45:54 PST" name="checkActualPrices" finished-at="2024-07-06T07:45:54 PST" depends-on-methods="test.testCartPage.addProductsToCart" duration-ms="269" status="PASS">
          <reporter-output>
            <line>
              <![CDATA[Actual stuffed frog price is correct 10.99]]>
            </line>
            <line>
              <![CDATA[Actual fluffy bunny price is correct 9.99]]>
            </line>
            <line>
              <![CDATA[Actual valentine bear price is correct 14.99]]>
            </line>
          </reporter-output>
        </test-method> <!-- checkActualPrices -->
        <test-method signature="checkActualSubTotals()[pri:4, instance:test.testCartPage@279fedbd]" started-at="2024-07-06T07:45:54 PST" name="checkActualSubTotals" finished-at="2024-07-06T07:45:54 PST" depends-on-methods="test.testCartPage.addProductsToCart" duration-ms="181" status="PASS">
          <reporter-output>
            <line>
              <![CDATA[Actual stuffed frog subtotal is correct 21.98]]>
            </line>
            <line>
              <![CDATA[Actual fluffy bunny subtotal is correct 49.95]]>
            </line>
            <line>
              <![CDATA[Actual valentine bear subtotal is correct 44.97]]>
            </line>
          </reporter-output>
        </test-method> <!-- checkActualSubTotals -->
        <test-method signature="computeTotalPrice()[pri:5, instance:test.testCartPage@279fedbd]" started-at="2024-07-06T07:45:54 PST" name="computeTotalPrice" finished-at="2024-07-06T07:45:54 PST" depends-on-methods="test.testCartPage.checkActualSubTotals" duration-ms="87" status="PASS">
          <reporter-output>
            <line>
              <![CDATA[correct total amount 116.9]]>
            </line>
          </reporter-output>
        </test-method> <!-- computeTotalPrice -->
        <test-method is-config="true" signature="afterTesT()[pri:0, instance:test.testCartPage@279fedbd]" started-at="2024-07-06T07:45:54 PST" name="afterTesT" finished-at="2024-07-06T07:45:54 PST" duration-ms="116" status="PASS">
          <reporter-output>
          </reporter-output>
        </test-method> <!-- afterTesT -->
      </class> <!-- test.testCartPage -->
    </test> <!-- Default test -->
  </suite> <!-- Default suite -->
</testng-results>
