<?xml version="1.0" encoding="UTF-8"?>
<testsuite name="Surefire test"
           tests="3"
           failures="0"
           errors="0"
           skipped="3"
           time="0.000">
    <properties></properties>


            <testcase
                name="BeforeClass"
                time="0.0"
                classname="test.testContactUsSubmission">
            </testcase>
            <testcase
                name="fillUpRequiredFields"
                time="0.0"
                classname="test.testContactUsSubmission">
            </testcase>
            <testcase
                name="navigateToContactUs"
                time="0.0"
                classname="test.testContactUsSubmission">
            </testcase>

</testsuite>
